mode: atomic
github.com/timdorr/wattsup/main.go:5.13,7.2 1 0
github.com/timdorr/wattsup/pkg/sql/copyfrom.go:18.48,19.22 1 0
github.com/timdorr/wattsup/pkg/sql/copyfrom.go:19.22,21.3 1 0
github.com/timdorr/wattsup/pkg/sql/copyfrom.go:22.2,22.29 1 0
github.com/timdorr/wattsup/pkg/sql/copyfrom.go:22.29,25.3 2 0
github.com/timdorr/wattsup/pkg/sql/copyfrom.go:26.2,27.24 2 0
github.com/timdorr/wattsup/pkg/sql/copyfrom.go:30.67,37.2 1 0
github.com/timdorr/wattsup/pkg/sql/copyfrom.go:39.47,41.2 1 0
github.com/timdorr/wattsup/pkg/sql/copyfrom.go:43.96,45.2 1 0
github.com/timdorr/wattsup/pkg/sql/db.go:21.28,23.2 1 0
github.com/timdorr/wattsup/pkg/sql/db.go:29.46,33.2 1 0
